<?xml version="1.0" encoding="UTF-8"?>
<testsuite name="com.distribuida.service.ClienteServiceTestUnitaria" tests="1" skipped="0" failures="0" errors="0" timestamp="2025-07-06T22:12:34.471Z" hostname="ERXCK" time="2.07">
  <properties/>
  <testcase name="testDeleteNoExistente()" classname="com.distribuida.service.ClienteServiceTestUnitaria" time="2.07"/>
  <system-out><![CDATA[]]></system-out>
  <system-err><![CDATA[]]></system-err>
</testsuite>
